#
# There is insufficient memory for the Java Runtime Environment to continue.
# Native memory allocation (malloc) failed to allocate 326320 bytes for Chunk::new
# Possible reasons:
#   The system is out of physical RAM or swap space
#   The process is running with CompressedOops enabled, and the Java Heap may be blocking the growth of the native heap
# Possible solutions:
#   Reduce memory load on the system
#   Increase physical memory or swap space
#   Check if swap backing store is full
#   Decrease Java heap size (-Xmx/-Xms)
#   Decrease number of Java threads
#   Decrease Java thread stack sizes (-Xss)
#   Set larger code cache with -XX:ReservedCodeCacheSize=
#   JVM is running with Unscaled Compressed Oops mode in which the Java heap is
#     placed in the first 4GB address space. The Java Heap base address is the
#     maximum limit for the native heap growth. Please use -XX:HeapBaseMinAddress
#     to set the Java Heap base and to place the Java Heap above 4GB virtual address.
# This output file may be truncated or incomplete.
#
#  Out of Memory Error (arena.cpp:191), pid=14776, tid=7684
#
# JRE version: OpenJDK Runtime Environment (17.0.10) (build 17.0.10+0--11609105)
# Java VM: OpenJDK 64-Bit Server VM (17.0.10+0--11609105, mixed mode, tiered, compressed oops, compressed class ptrs, g1 gc, windows-amd64)
# No core dump will be written. Minidumps are not enabled by default on client versions of Windows
#

---------------  S U M M A R Y ------------

Command Line: org.jetbrains.kotlin.cli.jvm.K2JVMCompiler @C:\Users\rohit\AndroidStudioProjects\BMICalculator\app\build\20240922_12533208099759413786.compiler.options

Host: AMD A6-9225 RADEON R4, 5 COMPUTE CORES 2C+3G   , 2 cores, 7G,  Windows 10 , 64 bit Build 19041 (10.0.19041.4842)
Time: Sun Sep 22 23:46:35 2024 India Standard Time elapsed time: 8.139352 seconds (0d 0h 0m 8s)

---------------  T H R E A D  ---------------

Current thread (0x000002a47988c620):  JavaThread "C2 CompilerThread0" daemon [_thread_in_native, id=7684, stack(0x000000aa1dc00000,0x000000aa1dd00000)]


Current CompileTask:
C2:   8139 1624   !   4       jdk.internal.loader.URLClassPath$JarLoader::getResource (65 bytes)

Stack: [0x000000aa1dc00000,0x000000aa1dd00000]
Native frames: (J=compiled Java code, j=interpreted, Vv=VM code, C=native code)
V  [jvm.dll+0x688de9]
V  [jvm.dll+0x8423da]
V  [jvm.dll+0x84401e]
V  [jvm.dll+0x844683]
V  [jvm.dll+0x24be0f]
V  [jvm.dll+0xac524]
V  [jvm.dll+0xacb6c]
V  [jvm.dll+0x36bd67]
V  [jvm.dll+0x33615a]
V  [jvm.dll+0x3355fa]
V  [jvm.dll+0x21daa1]
V  [jvm.dll+0x21cec1]
V  [jvm.dll+0x1a60ad]
V  [jvm.dll+0x22cd78]
V  [jvm.dll+0x22aeb0]
V  [jvm.dll+0x7f6877]
V  [jvm.dll+0x7f0c7a]
V  [jvm.dll+0x687c65]
C  [ucrtbase.dll+0x21bb2]
C  [KERNEL32.DLL+0x17374]
C  [ntdll.dll+0x4cc91]


---------------  P R O C E S S  ---------------

Threads class SMR info:
_java_thread_list=0x000002a479c4d480, length=12, elements={
0x000002a46fc3ebc0, 0x000002a4798a4010, 0x000002a4798a4c90, 0x000002a4798cc920,
0x000002a4798ce2f0, 0x000002a47988b150, 0x000002a47988ba20, 0x000002a47988c620,
0x000002a479b7f6c0, 0x000002a479b82390, 0x000002a479c6dc00, 0x000002a479c6eb90
}

Java Threads: ( => current thread )
  0x000002a46fc3ebc0 JavaThread "main" [_thread_in_vm, id=17384, stack(0x000000aa1ce00000,0x000000aa1cf00000)]
  0x000002a4798a4010 JavaThread "Reference Handler" daemon [_thread_blocked, id=17216, stack(0x000000aa1d600000,0x000000aa1d700000)]
  0x000002a4798a4c90 JavaThread "Finalizer" daemon [_thread_blocked, id=6908, stack(0x000000aa1d700000,0x000000aa1d800000)]
  0x000002a4798cc920 JavaThread "Signal Dispatcher" daemon [_thread_blocked, id=13848, stack(0x000000aa1d800000,0x000000aa1d900000)]
  0x000002a4798ce2f0 JavaThread "Attach Listener" daemon [_thread_blocked, id=12012, stack(0x000000aa1d900000,0x000000aa1da00000)]
  0x000002a47988b150 JavaThread "Service Thread" daemon [_thread_blocked, id=11956, stack(0x000000aa1da00000,0x000000aa1db00000)]
  0x000002a47988ba20 JavaThread "Monitor Deflation Thread" daemon [_thread_blocked, id=7732, stack(0x000000aa1db00000,0x000000aa1dc00000)]
=>0x000002a47988c620 JavaThread "C2 CompilerThread0" daemon [_thread_in_native, id=7684, stack(0x000000aa1dc00000,0x000000aa1dd00000)]
  0x000002a479b7f6c0 JavaThread "C1 CompilerThread0" daemon [_thread_blocked, id=14796, stack(0x000000aa1dd00000,0x000000aa1de00000)]
  0x000002a479b82390 JavaThread "Sweeper thread" daemon [_thread_blocked, id=2128, stack(0x000000aa1de00000,0x000000aa1df00000)]
  0x000002a479c6dc00 JavaThread "Notification Thread" daemon [_thread_blocked, id=2224, stack(0x000000aa1df00000,0x000000aa1e000000)]
  0x000002a479c6eb90 JavaThread "Common-Cleaner" daemon [_thread_blocked, id=14612, stack(0x000000aa1e100000,0x000000aa1e200000)]

Other Threads:
  0x000002a47986d360 VMThread "VM Thread" [stack: 0x000000aa1d500000,0x000000aa1d600000] [id=10088]
  0x000002a479c6e8f0 WatcherThread [stack: 0x000000aa1e000000,0x000000aa1e100000] [id=12324]
  0x000002a46fc96210 GCTaskThread "GC Thread#0" [stack: 0x000000aa1d000000,0x000000aa1d100000] [id=3784]
  0x000002a479e71ea0 GCTaskThread "GC Thread#1" [stack: 0x000000aa1e200000,0x000000aa1e300000] [id=2152]
  0x000002a46fca6060 ConcurrentGCThread "G1 Main Marker" [stack: 0x000000aa1d100000,0x000000aa1d200000] [id=14592]
  0x000002a46fca6a80 ConcurrentGCThread "G1 Conc#0" [stack: 0x000000aa1d200000,0x000000aa1d300000] [id=3332]
  0x000002a46fcfd3d0 ConcurrentGCThread "G1 Refine#0" [stack: 0x000000aa1d300000,0x000000aa1d400000] [id=12308]
  0x000002a46fcfde00 ConcurrentGCThread "G1 Service" [stack: 0x000000aa1d400000,0x000000aa1d500000] [id=10964]

Threads with active compile tasks:
C2 CompilerThread0     8205 1624   !   4       jdk.internal.loader.URLClassPath$JarLoader::getResource (65 bytes)

VM state: not at safepoint (normal execution)

VM Mutex/Monitor currently owned by a thread: None

Heap address: 0x0000000088800000, size: 1912 MB, Compressed Oops mode: 32-bit

CDS archive(s) not mapped
Compressed class space mapped at: 0x0000000100000000-0x0000000140000000, reserved size: 1073741824
Narrow klass base: 0x0000000000000000, Narrow klass shift: 3, Narrow klass range: 0x140000000

GC Precious Log:
 CPUs: 2 total, 2 available
 Memory: 7647M
 Large Page Support: Disabled
 NUMA Support: Disabled
 Compressed Oops: Enabled (32-bit)
 Heap Region Size: 1M
 Heap Min Capacity: 8M
 Heap Initial Capacity: 120M
 Heap Max Capacity: 1912M
 Pre-touch: Disabled
 Parallel Workers: 2
 Concurrent Workers: 1
 Concurrent Refinement Workers: 2
 Periodic GC: Disabled

Heap:
 garbage-first heap   total 122880K, used 30464K [0x0000000088800000, 0x0000000100000000)
  region size 1024K, 25 young (25600K), 1 survivors (1024K)
 Metaspace       used 19157K, committed 19264K, reserved 1114112K
  class space    used 2040K, committed 2112K, reserved 1048576K

Heap Regions: E=young(eden), S=young(survivor), O=old, HS=humongous(starts), HC=humongous(continues), CS=collection set, F=free, OA=open archive, CA=closed archive, TAMS=top-at-mark-start (previous, next)
|   0|0x0000000088800000, 0x0000000088900000, 0x0000000088900000|100%|HS|  |TAMS 0x0000000088800000, 0x0000000088800000| Complete 
|   1|0x0000000088900000, 0x0000000088a00000, 0x0000000088a00000|100%|HC|  |TAMS 0x0000000088900000, 0x0000000088900000| Complete 
|   2|0x0000000088a00000, 0x0000000088b00000, 0x0000000088b00000|100%|HC|  |TAMS 0x0000000088a00000, 0x0000000088a00000| Complete 
|   3|0x0000000088b00000, 0x0000000088c00000, 0x0000000088c00000|100%|HC|  |TAMS 0x0000000088b00000, 0x0000000088b00000| Complete 
|   4|0x0000000088c00000, 0x0000000088cc0000, 0x0000000088d00000| 75%| O|  |TAMS 0x0000000088c00000, 0x0000000088c00000| Untracked 
|   5|0x0000000088d00000, 0x0000000088e00000, 0x0000000088e00000|100%| O|  |TAMS 0x0000000088d00000, 0x0000000088d00000| Untracked 
|   6|0x0000000088e00000, 0x0000000088e00000, 0x0000000088f00000|  0%| F|  |TAMS 0x0000000088e00000, 0x0000000088e00000| Untracked 
|   7|0x0000000088f00000, 0x0000000088f00000, 0x0000000089000000|  0%| F|  |TAMS 0x0000000088f00000, 0x0000000088f00000| Untracked 
|   8|0x0000000089000000, 0x0000000089000000, 0x0000000089100000|  0%| F|  |TAMS 0x0000000089000000, 0x0000000089000000| Untracked 
|   9|0x0000000089100000, 0x0000000089100000, 0x0000000089200000|  0%| F|  |TAMS 0x0000000089100000, 0x0000000089100000| Untracked 
|  10|0x0000000089200000, 0x0000000089200000, 0x0000000089300000|  0%| F|  |TAMS 0x0000000089200000, 0x0000000089200000| Untracked 
|  11|0x0000000089300000, 0x0000000089300000, 0x0000000089400000|  0%| F|  |TAMS 0x0000000089300000, 0x0000000089300000| Untracked 
|  12|0x0000000089400000, 0x0000000089400000, 0x0000000089500000|  0%| F|  |TAMS 0x0000000089400000, 0x0000000089400000| Untracked 
|  13|0x0000000089500000, 0x0000000089500000, 0x0000000089600000|  0%| F|  |TAMS 0x0000000089500000, 0x0000000089500000| Untracked 
|  14|0x0000000089600000, 0x0000000089600000, 0x0000000089700000|  0%| F|  |TAMS 0x0000000089600000, 0x0000000089600000| Untracked 
|  15|0x0000000089700000, 0x0000000089700000, 0x0000000089800000|  0%| F|  |TAMS 0x0000000089700000, 0x0000000089700000| Untracked 
|  16|0x0000000089800000, 0x0000000089800000, 0x0000000089900000|  0%| F|  |TAMS 0x0000000089800000, 0x0000000089800000| Untracked 
|  17|0x0000000089900000, 0x0000000089900000, 0x0000000089a00000|  0%| F|  |TAMS 0x0000000089900000, 0x0000000089900000| Untracked 
|  18|0x0000000089a00000, 0x0000000089a00000, 0x0000000089b00000|  0%| F|  |TAMS 0x0000000089a00000, 0x0000000089a00000| Untracked 
|  19|0x0000000089b00000, 0x0000000089b00000, 0x0000000089c00000|  0%| F|  |TAMS 0x0000000089b00000, 0x0000000089b00000| Untracked 
|  20|0x0000000089c00000, 0x0000000089c00000, 0x0000000089d00000|  0%| F|  |TAMS 0x0000000089c00000, 0x0000000089c00000| Untracked 
|  21|0x0000000089d00000, 0x0000000089d00000, 0x0000000089e00000|  0%| F|  |TAMS 0x0000000089d00000, 0x0000000089d00000| Untracked 
|  22|0x0000000089e00000, 0x0000000089e00000, 0x0000000089f00000|  0%| F|  |TAMS 0x0000000089e00000, 0x0000000089e00000| Untracked 
|  23|0x0000000089f00000, 0x0000000089f00000, 0x000000008a000000|  0%| F|  |TAMS 0x0000000089f00000, 0x0000000089f00000| Untracked 
|  24|0x000000008a000000, 0x000000008a000000, 0x000000008a100000|  0%| F|  |TAMS 0x000000008a000000, 0x000000008a000000| Untracked 
|  25|0x000000008a100000, 0x000000008a100000, 0x000000008a200000|  0%| F|  |TAMS 0x000000008a100000, 0x000000008a100000| Untracked 
|  26|0x000000008a200000, 0x000000008a200000, 0x000000008a300000|  0%| F|  |TAMS 0x000000008a200000, 0x000000008a200000| Untracked 
|  27|0x000000008a300000, 0x000000008a300000, 0x000000008a400000|  0%| F|  |TAMS 0x000000008a300000, 0x000000008a300000| Untracked 
|  28|0x000000008a400000, 0x000000008a400000, 0x000000008a500000|  0%| F|  |TAMS 0x000000008a400000, 0x000000008a400000| Untracked 
|  29|0x000000008a500000, 0x000000008a500000, 0x000000008a600000|  0%| F|  |TAMS 0x000000008a500000, 0x000000008a500000| Untracked 
|  30|0x000000008a600000, 0x000000008a600000, 0x000000008a700000|  0%| F|  |TAMS 0x000000008a600000, 0x000000008a600000| Untracked 
|  31|0x000000008a700000, 0x000000008a700000, 0x000000008a800000|  0%| F|  |TAMS 0x000000008a700000, 0x000000008a700000| Untracked 
|  32|0x000000008a800000, 0x000000008a800000, 0x000000008a900000|  0%| F|  |TAMS 0x000000008a800000, 0x000000008a800000| Untracked 
|  33|0x000000008a900000, 0x000000008a900000, 0x000000008aa00000|  0%| F|  |TAMS 0x000000008a900000, 0x000000008a900000| Untracked 
|  34|0x000000008aa00000, 0x000000008aa00000, 0x000000008ab00000|  0%| F|  |TAMS 0x000000008aa00000, 0x000000008aa00000| Untracked 
|  35|0x000000008ab00000, 0x000000008ab00000, 0x000000008ac00000|  0%| F|  |TAMS 0x000000008ab00000, 0x000000008ab00000| Untracked 
|  36|0x000000008ac00000, 0x000000008ac00000, 0x000000008ad00000|  0%| F|  |TAMS 0x000000008ac00000, 0x000000008ac00000| Untracked 
|  37|0x000000008ad00000, 0x000000008ad00000, 0x000000008ae00000|  0%| F|  |TAMS 0x000000008ad00000, 0x000000008ad00000| Untracked 
|  38|0x000000008ae00000, 0x000000008ae00000, 0x000000008af00000|  0%| F|  |TAMS 0x000000008ae00000, 0x000000008ae00000| Untracked 
|  39|0x000000008af00000, 0x000000008af00000, 0x000000008b000000|  0%| F|  |TAMS 0x000000008af00000, 0x000000008af00000| Untracked 
|  40|0x000000008b000000, 0x000000008b000000, 0x000000008b100000|  0%| F|  |TAMS 0x000000008b000000, 0x000000008b000000| Untracked 
|  41|0x000000008b100000, 0x000000008b100000, 0x000000008b200000|  0%| F|  |TAMS 0x000000008b100000, 0x000000008b100000| Untracked 
|  42|0x000000008b200000, 0x000000008b200000, 0x000000008b300000|  0%| F|  |TAMS 0x000000008b200000, 0x000000008b200000| Untracked 
|  43|0x000000008b300000, 0x000000008b300000, 0x000000008b400000|  0%| F|  |TAMS 0x000000008b300000, 0x000000008b300000| Untracked 
|  44|0x000000008b400000, 0x000000008b400000, 0x000000008b500000|  0%| F|  |TAMS 0x000000008b400000, 0x000000008b400000| Untracked 
|  45|0x000000008b500000, 0x000000008b500000, 0x000000008b600000|  0%| F|  |TAMS 0x000000008b500000, 0x000000008b500000| Untracked 
|  46|0x000000008b600000, 0x000000008b600000, 0x000000008b700000|  0%| F|  |TAMS 0x000000008b600000, 0x000000008b600000| Untracked 
|  47|0x000000008b700000, 0x000000008b700000, 0x000000008b800000|  0%| F|  |TAMS 0x000000008b700000, 0x000000008b700000| Untracked 
|  48|0x000000008b800000, 0x000000008b800000, 0x000000008b900000|  0%| F|  |TAMS 0x000000008b800000, 0x000000008b800000| Untracked 
|  49|0x000000008b900000, 0x000000008b900000, 0x000000008ba00000|  0%| F|  |TAMS 0x000000008b900000, 0x000000008b900000| Untracked 
|  50|0x000000008ba00000, 0x000000008ba00000, 0x000000008bb00000|  0%| F|  |TAMS 0x000000008ba00000, 0x000000008ba00000| Untracked 
|  51|0x000000008bb00000, 0x000000008bb00000, 0x000000008bc00000|  0%| F|  |TAMS 0x000000008bb00000, 0x000000008bb00000| Untracked 
|  52|0x000000008bc00000, 0x000000008bc00000, 0x000000008bd00000|  0%| F|  |TAMS 0x000000008bc00000, 0x000000008bc00000| Untracked 
|  53|0x000000008bd00000, 0x000000008bd00000, 0x000000008be00000|  0%| F|  |TAMS 0x000000008bd00000, 0x000000008bd00000| Untracked 
|  54|0x000000008be00000, 0x000000008be00000, 0x000000008bf00000|  0%| F|  |TAMS 0x000000008be00000, 0x000000008be00000| Untracked 
|  55|0x000000008bf00000, 0x000000008bf00000, 0x000000008c000000|  0%| F|  |TAMS 0x000000008bf00000, 0x000000008bf00000| Untracked 
|  56|0x000000008c000000, 0x000000008c000000, 0x000000008c100000|  0%| F|  |TAMS 0x000000008c000000, 0x000000008c000000| Untracked 
|  57|0x000000008c100000, 0x000000008c100000, 0x000000008c200000|  0%| F|  |TAMS 0x000000008c100000, 0x000000008c100000| Untracked 
|  58|0x000000008c200000, 0x000000008c200000, 0x000000008c300000|  0%| F|  |TAMS 0x000000008c200000, 0x000000008c200000| Untracked 
|  59|0x000000008c300000, 0x000000008c300000, 0x000000008c400000|  0%| F|  |TAMS 0x000000008c300000, 0x000000008c300000| Untracked 
|  60|0x000000008c400000, 0x000000008c400000, 0x000000008c500000|  0%| F|  |TAMS 0x000000008c400000, 0x000000008c400000| Untracked 
|  61|0x000000008c500000, 0x000000008c500000, 0x000000008c600000|  0%| F|  |TAMS 0x000000008c500000, 0x000000008c500000| Untracked 
|  62|0x000000008c600000, 0x000000008c600000, 0x000000008c700000|  0%| F|  |TAMS 0x000000008c600000, 0x000000008c600000| Untracked 
|  63|0x000000008c700000, 0x000000008c700000, 0x000000008c800000|  0%| F|  |TAMS 0x000000008c700000, 0x000000008c700000| Untracked 
|  64|0x000000008c800000, 0x000000008c800000, 0x000000008c900000|  0%| F|  |TAMS 0x000000008c800000, 0x000000008c800000| Untracked 
|  65|0x000000008c900000, 0x000000008c900000, 0x000000008ca00000|  0%| F|  |TAMS 0x000000008c900000, 0x000000008c900000| Untracked 
|  66|0x000000008ca00000, 0x000000008ca00000, 0x000000008cb00000|  0%| F|  |TAMS 0x000000008ca00000, 0x000000008ca00000| Untracked 
|  67|0x000000008cb00000, 0x000000008cb00000, 0x000000008cc00000|  0%| F|  |TAMS 0x000000008cb00000, 0x000000008cb00000| Untracked 
|  68|0x000000008cc00000, 0x000000008cc00000, 0x000000008cd00000|  0%| F|  |TAMS 0x000000008cc00000, 0x000000008cc00000| Untracked 
|  69|0x000000008cd00000, 0x000000008cd00000, 0x000000008ce00000|  0%| F|  |TAMS 0x000000008cd00000, 0x000000008cd00000| Untracked 
|  70|0x000000008ce00000, 0x000000008ce00000, 0x000000008cf00000|  0%| F|  |TAMS 0x000000008ce00000, 0x000000008ce00000| Untracked 
|  71|0x000000008cf00000, 0x000000008cf00000, 0x000000008d000000|  0%| F|  |TAMS 0x000000008cf00000, 0x000000008cf00000| Untracked 
|  72|0x000000008d000000, 0x000000008d000000, 0x000000008d100000|  0%| F|  |TAMS 0x000000008d000000, 0x000000008d000000| Untracked 
|  73|0x000000008d100000, 0x000000008d100000, 0x000000008d200000|  0%| F|  |TAMS 0x000000008d100000, 0x000000008d100000| Untracked 
|  74|0x000000008d200000, 0x000000008d200000, 0x000000008d300000|  0%| F|  |TAMS 0x000000008d200000, 0x000000008d200000| Untracked 
|  75|0x000000008d300000, 0x000000008d300000, 0x000000008d400000|  0%| F|  |TAMS 0x000000008d300000, 0x000000008d300000| Untracked 
|  76|0x000000008d400000, 0x000000008d400000, 0x000000008d500000|  0%| F|  |TAMS 0x000000008d400000, 0x000000008d400000| Untracked 
|  77|0x000000008d500000, 0x000000008d500000, 0x000000008d600000|  0%| F|  |TAMS 0x000000008d500000, 0x000000008d500000| Untracked 
|  78|0x000000008d600000, 0x000000008d600000, 0x000000008d700000|  0%| F|  |TAMS 0x000000008d600000, 0x000000008d600000| Untracked 
|  79|0x000000008d700000, 0x000000008d700000, 0x000000008d800000|  0%| F|  |TAMS 0x000000008d700000, 0x000000008d700000| Untracked 
|  80|0x000000008d800000, 0x000000008d800000, 0x000000008d900000|  0%| F|  |TAMS 0x000000008d800000, 0x000000008d800000| Untracked 
|  81|0x000000008d900000, 0x000000008d900000, 0x000000008da00000|  0%| F|  |TAMS 0x000000008d900000, 0x000000008d900000| Untracked 
|  82|0x000000008da00000, 0x000000008da00000, 0x000000008db00000|  0%| F|  |TAMS 0x000000008da00000, 0x000000008da00000| Untracked 
|  83|0x000000008db00000, 0x000000008db00000, 0x000000008dc00000|  0%| F|  |TAMS 0x000000008db00000, 0x000000008db00000| Untracked 
|  84|0x000000008dc00000, 0x000000008dc00000, 0x000000008dd00000|  0%| F|  |TAMS 0x000000008dc00000, 0x000000008dc00000| Untracked 
|  85|0x000000008dd00000, 0x000000008dd00000, 0x000000008de00000|  0%| F|  |TAMS 0x000000008dd00000, 0x000000008dd00000| Untracked 
|  86|0x000000008de00000, 0x000000008de00000, 0x000000008df00000|  0%| F|  |TAMS 0x000000008de00000, 0x000000008de00000| Untracked 
|  87|0x000000008df00000, 0x000000008df00000, 0x000000008e000000|  0%| F|  |TAMS 0x000000008df00000, 0x000000008df00000| Untracked 
|  88|0x000000008e000000, 0x000000008e000000, 0x000000008e100000|  0%| F|  |TAMS 0x000000008e000000, 0x000000008e000000| Untracked 
|  89|0x000000008e100000, 0x000000008e100000, 0x000000008e200000|  0%| F|  |TAMS 0x000000008e100000, 0x000000008e100000| Untracked 
|  90|0x000000008e200000, 0x000000008e200000, 0x000000008e300000|  0%| F|  |TAMS 0x000000008e200000, 0x000000008e200000| Untracked 
|  91|0x000000008e300000, 0x000000008e300000, 0x000000008e400000|  0%| F|  |TAMS 0x000000008e300000, 0x000000008e300000| Untracked 
|  92|0x000000008e400000, 0x000000008e400000, 0x000000008e500000|  0%| F|  |TAMS 0x000000008e400000, 0x000000008e400000| Untracked 
|  93|0x000000008e500000, 0x000000008e500000, 0x000000008e600000|  0%| F|  |TAMS 0x000000008e500000, 0x000000008e500000| Untracked 
|  94|0x000000008e600000, 0x000000008e600000, 0x000000008e700000|  0%| F|  |TAMS 0x000000008e600000, 0x000000008e600000| Untracked 
|  95|0x000000008e700000, 0x000000008e800000, 0x000000008e800000|100%| E|  |TAMS 0x000000008e700000, 0x000000008e700000| Complete 
|  96|0x000000008e800000, 0x000000008e900000, 0x000000008e900000|100%| E|CS|TAMS 0x000000008e800000, 0x000000008e800000| Complete 
|  97|0x000000008e900000, 0x000000008ea00000, 0x000000008ea00000|100%| E|CS|TAMS 0x000000008e900000, 0x000000008e900000| Complete 
|  98|0x000000008ea00000, 0x000000008eb00000, 0x000000008eb00000|100%| E|CS|TAMS 0x000000008ea00000, 0x000000008ea00000| Complete 
|  99|0x000000008eb00000, 0x000000008ec00000, 0x000000008ec00000|100%| E|CS|TAMS 0x000000008eb00000, 0x000000008eb00000| Complete 
| 100|0x000000008ec00000, 0x000000008ed00000, 0x000000008ed00000|100%| E|CS|TAMS 0x000000008ec00000, 0x000000008ec00000| Complete 
| 101|0x000000008ed00000, 0x000000008ee00000, 0x000000008ee00000|100%| E|CS|TAMS 0x000000008ed00000, 0x000000008ed00000| Complete 
| 102|0x000000008ee00000, 0x000000008ef00000, 0x000000008ef00000|100%| E|CS|TAMS 0x000000008ee00000, 0x000000008ee00000| Complete 
| 103|0x000000008ef00000, 0x000000008f000000, 0x000000008f000000|100%| E|CS|TAMS 0x000000008ef00000, 0x000000008ef00000| Complete 
| 104|0x000000008f000000, 0x000000008f100000, 0x000000008f100000|100%| E|CS|TAMS 0x000000008f000000, 0x000000008f000000| Complete 
| 105|0x000000008f100000, 0x000000008f200000, 0x000000008f200000|100%| E|CS|TAMS 0x000000008f100000, 0x000000008f100000| Complete 
| 106|0x000000008f200000, 0x000000008f300000, 0x000000008f300000|100%| S|CS|TAMS 0x000000008f200000, 0x000000008f200000| Complete 
| 107|0x000000008f300000, 0x000000008f400000, 0x000000008f400000|100%| E|CS|TAMS 0x000000008f300000, 0x000000008f300000| Complete 
| 108|0x000000008f400000, 0x000000008f500000, 0x000000008f500000|100%| E|CS|TAMS 0x000000008f400000, 0x000000008f400000| Complete 
| 109|0x000000008f500000, 0x000000008f600000, 0x000000008f600000|100%| E|CS|TAMS 0x000000008f500000, 0x000000008f500000| Complete 
| 110|0x000000008f600000, 0x000000008f700000, 0x000000008f700000|100%| E|CS|TAMS 0x000000008f600000, 0x000000008f600000| Complete 
| 111|0x000000008f700000, 0x000000008f800000, 0x000000008f800000|100%| E|CS|TAMS 0x000000008f700000, 0x000000008f700000| Complete 
| 112|0x000000008f800000, 0x000000008f900000, 0x000000008f900000|100%| E|CS|TAMS 0x000000008f800000, 0x000000008f800000| Complete 
| 113|0x000000008f900000, 0x000000008fa00000, 0x000000008fa00000|100%| E|CS|TAMS 0x000000008f900000, 0x000000008f900000| Complete 
| 114|0x000000008fa00000, 0x000000008fb00000, 0x000000008fb00000|100%| E|CS|TAMS 0x000000008fa00000, 0x000000008fa00000| Complete 
| 115|0x000000008fb00000, 0x000000008fc00000, 0x000000008fc00000|100%| E|CS|TAMS 0x000000008fb00000, 0x000000008fb00000| Complete 
| 116|0x000000008fc00000, 0x000000008fd00000, 0x000000008fd00000|100%| E|CS|TAMS 0x000000008fc00000, 0x000000008fc00000| Complete 
| 117|0x000000008fd00000, 0x000000008fe00000, 0x000000008fe00000|100%| E|CS|TAMS 0x000000008fd00000, 0x000000008fd00000| Complete 
| 118|0x000000008fe00000, 0x000000008ff00000, 0x000000008ff00000|100%| E|CS|TAMS 0x000000008fe00000, 0x000000008fe00000| Complete 
| 119|0x000000008ff00000, 0x0000000090000000, 0x0000000090000000|100%| E|CS|TAMS 0x000000008ff00000, 0x000000008ff00000| Complete 

Card table byte_map: [0x000002a473120000,0x000002a4734e0000] _byte_map_base: 0x000002a472cdc000

Marking Bits (Prev, Next): (CMBitMap*) 0x000002a46fc96830, (CMBitMap*) 0x000002a46fc96870
 Prev Bits: [0x000002a4738a0000, 0x000002a475680000)
 Next Bits: [0x000002a475680000, 0x000002a477460000)

Polling page: 0x000002a46da80000

Metaspace:

Usage:
  Non-class:     16.77 MB used.
      Class:      2.00 MB used.
       Both:     18.77 MB used.

Virtual space:
  Non-class space:       64.00 MB reserved,      16.81 MB ( 26%) committed,  1 nodes.
      Class space:        1.00 GB reserved,       2.06 MB ( <1%) committed,  1 nodes.
             Both:        1.06 GB reserved,      18.88 MB (  2%) committed. 

Chunk freelists:
   Non-Class:  14.62 MB
       Class:  13.80 MB
        Both:  28.42 MB

MaxMetaspaceSize: unlimited
CompressedClassSpaceSize: 1.00 GB
Initial GC threshold: 21.00 MB
Current GC threshold: 21.00 MB
CDS: off
MetaspaceReclaimPolicy: balanced
 - commit_granule_bytes: 65536.
 - commit_granule_words: 8192.
 - virtual_space_node_default_size: 8388608.
 - enlarge_chunks_in_place: 1.
 - new_chunks_are_fully_committed: 0.
 - uncommit_free_chunks: 1.
 - use_allocation_guard: 0.
 - handle_deallocations: 1.


Internal statistics:

num_allocs_failed_limit: 0.
num_arena_births: 46.
num_arena_deaths: 0.
num_vsnodes_births: 2.
num_vsnodes_deaths: 0.
num_space_committed: 302.
num_space_uncommitted: 0.
num_chunks_returned_to_freelist: 0.
num_chunks_taken_from_freelist: 427.
num_chunk_merges: 0.
num_chunk_splits: 349.
num_chunks_enlarged: 315.
num_inconsistent_stats: 0.

CodeHeap 'non-profiled nmethods': size=120064Kb used=486Kb max_used=486Kb free=119577Kb
 bounds [0x000002a407ac0000, 0x000002a407d30000, 0x000002a40f000000]
CodeHeap 'profiled nmethods': size=120000Kb used=3231Kb max_used=3231Kb free=116768Kb
 bounds [0x000002a400000000, 0x000002a400330000, 0x000002a407530000]
CodeHeap 'non-nmethods': size=5696Kb used=1184Kb max_used=1204Kb free=4511Kb
 bounds [0x000002a407530000, 0x000002a4077a0000, 0x000002a407ac0000]
 total_blobs=2101 nmethods=1625 adapters=389
 compilation: enabled
              stopped_count=0, restarted_count=0
 full_count=0

Compilation events (20 events):
Event: 7.947 Thread 0x000002a479b7f6c0 nmethod 1616 0x000002a400324f10 code [0x000002a4003250e0, 0x000002a400325338]
Event: 7.947 Thread 0x000002a479b7f6c0 1617       3       jdk.internal.org.objectweb.asm.Attribute::computeAttributesSize (62 bytes)
Event: 7.948 Thread 0x000002a479b7f6c0 nmethod 1617 0x000002a400325490 code [0x000002a400325660, 0x000002a400325988]
Event: 7.948 Thread 0x000002a479b7f6c0 1618       3       jdk.internal.org.objectweb.asm.AnnotationWriter::computeAnnotationsSize (66 bytes)
Event: 7.949 Thread 0x000002a479b7f6c0 nmethod 1618 0x000002a400325b10 code [0x000002a400325ce0, 0x000002a400326018]
Event: 7.949 Thread 0x000002a479b7f6c0 1619       3       jdk.internal.org.objectweb.asm.Attribute::putAttributes (78 bytes)
Event: 7.949 Thread 0x000002a479b7f6c0 nmethod 1619 0x000002a400326210 code [0x000002a400326460, 0x000002a400326998]
Event: 7.950 Thread 0x000002a479b7f6c0 1620       3       jdk.internal.reflect.DelegatingConstructorAccessorImpl::newInstance (9 bytes)
Event: 7.951 Thread 0x000002a479b7f6c0 nmethod 1620 0x000002a400326c90 code [0x000002a400326e40, 0x000002a400327008]
Event: 8.023 Thread 0x000002a47988c620 1621  s!   4       jdk.internal.loader.URLClassPath::getLoader (194 bytes)
Event: 8.030 Thread 0x000002a47988c620 nmethod 1621 0x000002a407b35d90 code [0x000002a407b35f40, 0x000002a407b36668]
Event: 8.033 Thread 0x000002a47988c620 1622   !   4       jdk.internal.loader.URLClassPath$JarLoader::ensureOpen (36 bytes)
Event: 8.033 Thread 0x000002a47988c620 nmethod 1622 0x000002a407b36a10 code [0x000002a407b36b80, 0x000002a407b36c18]
Event: 8.037 Thread 0x000002a47988c620 1623       4       java.util.jar.JarFile::getEntry (35 bytes)
Event: 8.098 Thread 0x000002a479b7f6c0 1626       3       java.lang.StringBuilder::<init> (6 bytes)
Event: 8.098 Thread 0x000002a479b7f6c0 nmethod 1626 0x000002a400327110 code [0x000002a4003272a0, 0x000002a4003273e8]
Event: 8.105 Thread 0x000002a47988c620 nmethod 1623 0x000002a407b36d10 code [0x000002a407b36fc0, 0x000002a407b38888]
Event: 8.106 Thread 0x000002a47988c620 1625       4       java.lang.Character::toLowerCase (9 bytes)
Event: 8.107 Thread 0x000002a47988c620 nmethod 1625 0x000002a407b39690 code [0x000002a407b39800, 0x000002a407b398d8]
Event: 8.107 Thread 0x000002a47988c620 1624   !   4       jdk.internal.loader.URLClassPath$JarLoader::getResource (65 bytes)

GC Heap History (6 events):
Event: 4.307 GC heap before
{Heap before GC invocations=0 (full 0):
 garbage-first heap   total 122880K, used 10240K [0x0000000088800000, 0x0000000100000000)
  region size 1024K, 6 young (6144K), 0 survivors (0K)
 Metaspace       used 7826K, committed 7936K, reserved 1114112K
  class space    used 589K, committed 640K, reserved 1048576K
}
Event: 4.407 GC heap after
{Heap after GC invocations=1 (full 0):
 garbage-first heap   total 122880K, used 5722K [0x0000000088800000, 0x0000000100000000)
  region size 1024K, 1 young (1024K), 1 survivors (1024K)
 Metaspace       used 7826K, committed 7936K, reserved 1114112K
  class space    used 589K, committed 640K, reserved 1048576K
}
Event: 4.979 GC heap before
{Heap before GC invocations=1 (full 0):
 garbage-first heap   total 122880K, used 10842K [0x0000000088800000, 0x0000000100000000)
  region size 1024K, 6 young (6144K), 1 survivors (1024K)
 Metaspace       used 9791K, committed 9920K, reserved 1114112K
  class space    used 810K, committed 896K, reserved 1048576K
}
Event: 4.985 GC heap after
{Heap after GC invocations=2 (full 0):
 garbage-first heap   total 122880K, used 6231K [0x0000000088800000, 0x0000000100000000)
  region size 1024K, 1 young (1024K), 1 survivors (1024K)
 Metaspace       used 9791K, committed 9920K, reserved 1114112K
  class space    used 810K, committed 896K, reserved 1048576K
}
Event: 5.658 GC heap before
{Heap before GC invocations=2 (full 0):
 garbage-first heap   total 122880K, used 18519K [0x0000000088800000, 0x0000000100000000)
  region size 1024K, 13 young (13312K), 1 survivors (1024K)
 Metaspace       used 13483K, committed 13632K, reserved 1114112K
  class space    used 1303K, committed 1408K, reserved 1048576K
}
Event: 5.663 GC heap after
{Heap after GC invocations=3 (full 0):
 garbage-first heap   total 122880K, used 6912K [0x0000000088800000, 0x0000000100000000)
  region size 1024K, 1 young (1024K), 1 survivors (1024K)
 Metaspace       used 13483K, committed 13632K, reserved 1114112K
  class space    used 1303K, committed 1408K, reserved 1048576K
}

Dll operation events (1 events):
Event: 0.024 Loaded shared library C:\Program Files\Android\Android Studio\jbr\bin\java.dll

Deoptimization events (20 events):
Event: 5.973 Thread 0x000002a46fc3ebc0 DEOPT PACKING pc=0x000002a407aedf50 sp=0x000000aa1cefbaa0
Event: 5.973 Thread 0x000002a46fc3ebc0 DEOPT UNPACKING pc=0x000002a4075869a3 sp=0x000000aa1cefb980 mode 2
Event: 5.975 Thread 0x000002a46fc3ebc0 Uncommon trap: trap_request=0xffffffc6 fr.pc=0x000002a407aedf50 relative=0x00000000000004d0
Event: 5.975 Thread 0x000002a46fc3ebc0 Uncommon trap: reason=bimorphic_or_optimized_type_check action=maybe_recompile pc=0x000002a407aedf50 method=kotlin.reflect.jvm.internal.impl.protobuf.CodedInputStream.tryRefillBuffer(I)Z @ 175 c2
Event: 5.975 Thread 0x000002a46fc3ebc0 DEOPT PACKING pc=0x000002a407aedf50 sp=0x000000aa1cefc0a0
Event: 5.975 Thread 0x000002a46fc3ebc0 DEOPT UNPACKING pc=0x000002a4075869a3 sp=0x000000aa1cefbf88 mode 2
Event: 6.119 Thread 0x000002a46fc3ebc0 Uncommon trap: trap_request=0xffffff45 fr.pc=0x000002a407ae86e8 relative=0x00000000000003a8
Event: 6.119 Thread 0x000002a46fc3ebc0 Uncommon trap: reason=unstable_if action=reinterpret pc=0x000002a407ae86e8 method=java.util.concurrent.ConcurrentHashMap.get(Ljava/lang/Object;)Ljava/lang/Object; @ 76 c2
Event: 6.119 Thread 0x000002a46fc3ebc0 DEOPT PACKING pc=0x000002a407ae86e8 sp=0x000000aa1cefc570
Event: 6.120 Thread 0x000002a46fc3ebc0 DEOPT UNPACKING pc=0x000002a4075869a3 sp=0x000000aa1cefc4f8 mode 2
Event: 6.387 Thread 0x000002a46fc3ebc0 Uncommon trap: trap_request=0xffffff45 fr.pc=0x000002a407afcea8 relative=0x00000000000004e8
Event: 6.387 Thread 0x000002a46fc3ebc0 Uncommon trap: reason=unstable_if action=reinterpret pc=0x000002a407afcea8 method=java.util.ArrayList.grow(I)[Ljava/lang/Object; @ 17 c2
Event: 6.387 Thread 0x000002a46fc3ebc0 DEOPT PACKING pc=0x000002a407afcea8 sp=0x000000aa1cefddb0
Event: 6.387 Thread 0x000002a46fc3ebc0 DEOPT UNPACKING pc=0x000002a4075869a3 sp=0x000000aa1cefdc38 mode 2
Event: 7.024 Thread 0x000002a46fc3ebc0 DEOPT PACKING pc=0x000002a4002a5434 sp=0x000000aa1cefe100
Event: 7.024 Thread 0x000002a46fc3ebc0 DEOPT UNPACKING pc=0x000002a407587143 sp=0x000000aa1cefd6d0 mode 0
Event: 7.555 Thread 0x000002a46fc3ebc0 Uncommon trap: trap_request=0xffffff6e fr.pc=0x000002a407ace3cc relative=0x000000000000014c
Event: 7.555 Thread 0x000002a46fc3ebc0 Uncommon trap: reason=loop_limit_check action=maybe_recompile pc=0x000002a407ace3cc method=java.lang.StringLatin1.lastIndexOf([BII)I @ 19 c2
Event: 7.555 Thread 0x000002a46fc3ebc0 DEOPT PACKING pc=0x000002a407ace3cc sp=0x000000aa1cefd7b0
Event: 7.555 Thread 0x000002a46fc3ebc0 DEOPT UNPACKING pc=0x000002a4075869a3 sp=0x000000aa1cefd730 mode 2

Classes unloaded (0 events):
No events

Classes redefined (0 events):
No events

Internal exceptions (3 events):
Event: 6.827 Thread 0x000002a46fc3ebc0 Exception <a 'java/lang/NoSuchMethodError'{0x000000008f169880}: 'java.lang.Object java.lang.invoke.DirectMethodHandle$Holder.newInvokeSpecial(java.lang.Object, java.lang.Object, java.lang.Object, java.lang.Object, java.lang.Object)'> (0x000000008f169880) 
thrown [s\src\hotspot\share\interpreter\linkResolver.cpp, line 771]
Event: 7.910 Thread 0x000002a46fc3ebc0 Exception <a 'java/lang/NoSuchMethodError'{0x000000008ebe5130}: 'int java.lang.invoke.DirectMethodHandle$Holder.invokeVirtual(java.lang.Object, java.lang.Object, java.lang.Object)'> (0x000000008ebe5130) 
thrown [s\src\hotspot\share\interpreter\linkResolver.cpp, line 771]
Event: 7.947 Thread 0x000002a46fc3ebc0 Exception <a 'java/lang/NoSuchMethodError'{0x000000008ea63be0}: 'java.lang.Object java.lang.invoke.DirectMethodHandle$Holder.invokeStaticInit(java.lang.Object)'> (0x000000008ea63be0) 
thrown [s\src\hotspot\share\interpreter\linkResolver.cpp, line 771]

VM Operations (20 events):
Event: 4.307 Executing VM operation: G1CollectForAllocation
Event: 4.407 Executing VM operation: G1CollectForAllocation done
Event: 4.978 Executing VM operation: G1CollectForAllocation
Event: 4.985 Executing VM operation: G1CollectForAllocation done
Event: 5.096 Executing VM operation: HandshakeAllThreads
Event: 5.096 Executing VM operation: HandshakeAllThreads done
Event: 5.658 Executing VM operation: G1CollectForAllocation
Event: 5.663 Executing VM operation: G1CollectForAllocation done
Event: 6.018 Executing VM operation: HandshakeAllThreads
Event: 6.018 Executing VM operation: HandshakeAllThreads done
Event: 6.556 Executing VM operation: ICBufferFull
Event: 6.556 Executing VM operation: ICBufferFull done
Event: 7.023 Executing VM operation: HandshakeAllThreads
Event: 7.023 Executing VM operation: HandshakeAllThreads done
Event: 7.550 Executing VM operation: HandshakeAllThreads
Event: 7.550 Executing VM operation: HandshakeAllThreads done
Event: 7.937 Executing VM operation: HandshakeAllThreads
Event: 7.937 Executing VM operation: HandshakeAllThreads done
Event: 7.937 Executing VM operation: Cleanup
Event: 7.938 Executing VM operation: Cleanup done

Events (20 events):
Event: 7.895 loading class java/util/stream/MatchOps$BooleanTerminalSink
Event: 7.895 loading class java/util/stream/MatchOps$BooleanTerminalSink done
Event: 7.896 loading class java/util/stream/MatchOps$1MatchSink
Event: 7.897 loading class java/util/stream/MatchOps$1MatchSink done
Event: 7.909 loading class java/util/function/BiConsumer
Event: 7.910 loading class java/util/function/BiConsumer done
Event: 7.911 loading class java/util/function/BinaryOperator
Event: 7.911 loading class java/util/function/BinaryOperator done
Event: 7.912 loading class java/lang/invoke/DirectMethodHandle$Special
Event: 7.912 loading class java/lang/invoke/DirectMethodHandle$Special done
Event: 7.915 loading class java/util/stream/Collector$Characteristics
Event: 7.915 loading class java/util/stream/Collector$Characteristics done
Event: 7.915 loading class java/util/stream/Collector
Event: 7.916 loading class java/util/stream/Collector done
Event: 7.916 loading class java/util/stream/Collectors
Event: 7.917 loading class java/util/stream/Collectors done
Event: 7.918 loading class java/util/stream/Collectors$CollectorImpl
Event: 7.918 loading class java/util/stream/Collectors$CollectorImpl done
Event: 7.951 loading class java/lang/ThreadLocal$SuppliedThreadLocal
Event: 7.951 loading class java/lang/ThreadLocal$SuppliedThreadLocal done


Dynamic libraries:
0x00007ff64b850000 - 0x00007ff64b85a000 	C:\Program Files\Android\Android Studio\jbr\bin\java.exe
0x00007ffcebaf0000 - 0x00007ffcebce8000 	C:\Windows\SYSTEM32\ntdll.dll
0x00007ffceb350000 - 0x00007ffceb411000 	C:\Windows\System32\KERNEL32.DLL
0x00007ffce91a0000 - 0x00007ffce949d000 	C:\Windows\System32\KERNELBASE.dll
0x00007ffce9540000 - 0x00007ffce9640000 	C:\Windows\System32\ucrtbase.dll
0x00007ffcda870000 - 0x00007ffcda887000 	C:\Program Files\Android\Android Studio\jbr\bin\jli.dll
0x00007ffcea150000 - 0x00007ffcea2ed000 	C:\Windows\System32\USER32.dll
0x00007ffce9730000 - 0x00007ffce9752000 	C:\Windows\System32\win32u.dll
0x00007ffcea0b0000 - 0x00007ffcea0db000 	C:\Windows\System32\GDI32.dll
0x00007ffce9760000 - 0x00007ffce9877000 	C:\Windows\System32\gdi32full.dll
0x00007ffce94a0000 - 0x00007ffce953d000 	C:\Windows\System32\msvcp_win.dll
0x00007ffcdcd40000 - 0x00007ffcdcd5b000 	C:\Program Files\Android\Android Studio\jbr\bin\VCRUNTIME140.dll
0x00007ffcd3480000 - 0x00007ffcd371a000 	C:\Windows\WinSxS\amd64_microsoft.windows.common-controls_6595b64144ccf1df_6.0.19041.4355_none_60b8b9eb71f62e16\COMCTL32.dll
0x00007ffce9b20000 - 0x00007ffce9bbe000 	C:\Windows\System32\msvcrt.dll
0x00007ffceb8f0000 - 0x00007ffceb91f000 	C:\Windows\System32\IMM32.DLL
0x00007ffce6720000 - 0x00007ffce672c000 	C:\Program Files\Android\Android Studio\jbr\bin\vcruntime140_1.dll
0x00007ffcaa7a0000 - 0x00007ffcaa82d000 	C:\Program Files\Android\Android Studio\jbr\bin\msvcp140.dll
0x00007ffc9b9c0000 - 0x00007ffc9c643000 	C:\Program Files\Android\Android Studio\jbr\bin\server\jvm.dll
0x00007ffce9fa0000 - 0x00007ffcea050000 	C:\Windows\System32\ADVAPI32.dll
0x00007ffceb920000 - 0x00007ffceb9c0000 	C:\Windows\System32\sechost.dll
0x00007ffce9bc0000 - 0x00007ffce9ce3000 	C:\Windows\System32\RPCRT4.dll
0x00007ffce9640000 - 0x00007ffce9667000 	C:\Windows\System32\bcrypt.dll
0x00007ffce9000000 - 0x00007ffce904b000 	C:\Windows\SYSTEM32\POWRPROF.dll
0x00007ffce6500000 - 0x00007ffce6509000 	C:\Windows\SYSTEM32\WSOCK32.dll
0x00007ffcea0e0000 - 0x00007ffcea14b000 	C:\Windows\System32\WS2_32.dll
0x00007ffcdebf0000 - 0x00007ffcdec17000 	C:\Windows\SYSTEM32\WINMM.dll
0x00007ffcdf5c0000 - 0x00007ffcdf5ca000 	C:\Windows\SYSTEM32\VERSION.dll
0x00007ffce8fe0000 - 0x00007ffce8ff2000 	C:\Windows\SYSTEM32\UMPDC.dll
0x00007ffce7020000 - 0x00007ffce7032000 	C:\Windows\SYSTEM32\kernel.appcore.dll
0x00007ffce35c0000 - 0x00007ffce35ca000 	C:\Program Files\Android\Android Studio\jbr\bin\jimage.dll
0x00007ffcd73c0000 - 0x00007ffcd75a4000 	C:\Windows\SYSTEM32\DBGHELP.DLL
0x00007ffcd6e80000 - 0x00007ffcd6eb4000 	C:\Windows\SYSTEM32\dbgcore.DLL
0x00007ffce9880000 - 0x00007ffce9902000 	C:\Windows\System32\bcryptPrimitives.dll
0x00007ffcdf900000 - 0x00007ffcdf925000 	C:\Program Files\Android\Android Studio\jbr\bin\java.dll
0x00007ffce2b30000 - 0x00007ffce2b48000 	C:\Program Files\Android\Android Studio\jbr\bin\zip.dll
0x00007ffcea4a0000 - 0x00007ffceac0f000 	C:\Windows\System32\SHELL32.dll
0x00007ffce7220000 - 0x00007ffce79c3000 	C:\Windows\SYSTEM32\windows.storage.dll
0x00007ffceb590000 - 0x00007ffceb8e3000 	C:\Windows\System32\combase.dll
0x00007ffce8b00000 - 0x00007ffce8b2e000 	C:\Windows\SYSTEM32\Wldp.dll
0x00007ffce9d00000 - 0x00007ffce9dcd000 	C:\Windows\System32\OLEAUT32.dll
0x00007ffce9ef0000 - 0x00007ffce9f9d000 	C:\Windows\System32\SHCORE.dll
0x00007ffcea050000 - 0x00007ffcea0a5000 	C:\Windows\System32\shlwapi.dll
0x00007ffce90d0000 - 0x00007ffce90f4000 	C:\Windows\SYSTEM32\profapi.dll
0x00007ffcdcdd0000 - 0x00007ffcdcde9000 	C:\Program Files\Android\Android Studio\jbr\bin\net.dll
0x00007ffce0c30000 - 0x00007ffce0d3d000 	C:\Windows\SYSTEM32\WINHTTP.dll
0x00007ffce8860000 - 0x00007ffce88ca000 	C:\Windows\system32\mswsock.dll
0x00007ffcdcdb0000 - 0x00007ffcdcdc6000 	C:\Program Files\Android\Android Studio\jbr\bin\nio.dll

dbghelp: loaded successfully - version: 4.0.5 - missing functions: none
symbol engine: initialized successfully - sym options: 0x614 - pdb path: .;C:\Program Files\Android\Android Studio\jbr\bin;C:\Windows\SYSTEM32;C:\Windows\WinSxS\amd64_microsoft.windows.common-controls_6595b64144ccf1df_6.0.19041.4355_none_60b8b9eb71f62e16;C:\Program Files\Android\Android Studio\jbr\bin\server

VM Arguments:
java_command: org.jetbrains.kotlin.cli.jvm.K2JVMCompiler @C:\Users\rohit\AndroidStudioProjects\BMICalculator\app\build\20240922_12533208099759413786.compiler.options
java_class_path (initial): C:\Users\rohit\.gradle\caches\modules-2\files-2.1\org.jetbrains.kotlin\kotlin-compiler-embeddable\1.9.0\2c8c3a7402becca891f12739b3e9fd2dc2adbd7a\kotlin-compiler-embeddable-1.9.0.jar;C:\Users\rohit\.gradle\caches\modules-2\files-2.1\org.jetbrains.kotlin\kotlin-stdlib\1.9.0\8ee15ef0c67dc83d874f412d84378d7f0eb50b63\kotlin-stdlib-1.9.0.jar;C:\Users\rohit\.gradle\caches\modules-2\files-2.1\org.jetbrains.kotlin\kotlin-script-runtime\1.9.0\4b3102cbbb7e1b58d9d1adf89563f00069ffa7d1\kotlin-script-runtime-1.9.0.jar;C:\Users\rohit\.gradle\caches\modules-2\files-2.1\org.jetbrains.kotlin\kotlin-reflect\1.6.10\1cbe9c92c12a94eea200d23c2bbaedaf3daf5132\kotlin-reflect-1.6.10.jar;C:\Users\rohit\.gradle\caches\modules-2\files-2.1\org.jetbrains.kotlin\kotlin-daemon-embeddable\1.9.0\186543f5e28cf8d9a0290fecc2cf34301c40a65c\kotlin-daemon-embeddable-1.9.0.jar;C:\Users\rohit\.gradle\caches\modules-2\files-2.1\org.jetbrains.intellij.deps\trove4j\1.0.20200330\3afb14d5f9ceb459d724e907a21145e8ff394f02\trove4j-1.0.20200330.jar;C:\Users\rohit\.gradle\caches\modules-2\files-2.1\org.jetbrains.kotlin\kotlin-stdlib-common\1.9.0\cd65c21cfd1eec4d44ef09f9f52b6d9f8a720636\kotlin-stdlib-common-1.9.0.jar;C:\Users\rohit\.gradle\caches\modules-2\files-2.1\org.jetbrains\annotations\13.0\919f0dfe192fb4e063e7dacadee7f8bb9a2672a9\annotations-13.0.jar
Launcher Type: SUN_STANDARD

[Global flags]
     intx CICompilerCount                          = 2                                         {product} {ergonomic}
     uint ConcGCThreads                            = 1                                         {product} {ergonomic}
     uint G1ConcRefinementThreads                  = 2                                         {product} {ergonomic}
   size_t G1HeapRegionSize                         = 1048576                                   {product} {ergonomic}
    uintx GCDrainStackTargetSize                   = 64                                        {product} {ergonomic}
   size_t InitialHeapSize                          = 125829120                                 {product} {ergonomic}
   size_t MarkStackSize                            = 4194304                                   {product} {ergonomic}
   size_t MaxHeapSize                              = 2004877312                                {product} {ergonomic}
   size_t MaxNewSize                               = 1202716672                                {product} {ergonomic}
   size_t MinHeapDeltaBytes                        = 1048576                                   {product} {ergonomic}
   size_t MinHeapSize                              = 8388608                                   {product} {ergonomic}
    uintx NonNMethodCodeHeapSize                   = 5826188                                {pd product} {ergonomic}
    uintx NonProfiledCodeHeapSize                  = 122916026                              {pd product} {ergonomic}
    uintx ProfiledCodeHeapSize                     = 122916026                              {pd product} {ergonomic}
    uintx ReservedCodeCacheSize                    = 251658240                              {pd product} {ergonomic}
     bool SegmentedCodeCache                       = true                                      {product} {ergonomic}
   size_t SoftMaxHeapSize                          = 2004877312                             {manageable} {ergonomic}
     bool UseCompressedClassPointers               = true                           {product lp64_product} {ergonomic}
     bool UseCompressedOops                        = true                           {product lp64_product} {ergonomic}
     bool UseG1GC                                  = true                                      {product} {ergonomic}
     bool UseLargePagesIndividualAllocation        = false                                  {pd product} {ergonomic}

Logging:
Log output configuration:
 #0: stdout all=warning uptime,level,tags
 #1: stderr all=off uptime,level,tags

Environment Variables:
PATH=C:\Program Files\Common Files\Oracle\Java\javapath;C:\Program Files (x86)\Common Files\Oracle\Java\java8path;C:\Program Files (x86)\Common Files\Oracle\Java\javapath;C:\Windows\system32;C:\Windows;C:\Windows\System32\Wbem;C:\Windows\System32\WindowsPowerShell\v1.0\;C:\Windows\System32\OpenSSH\;C:\Users\lenovo\AppData\Local\Microsoft\WindowsApps;C:\Program Files\JetBrains\IntelliJ IDEA Community Edition 2020.2.1\bin;C:\adb;C:\Program Files\dotnet\;C:\Program Files\Python312;C:\Program Files\MySQL\MySQL Server 8.0\bin;C:\Program Files\Java\jdk-14.0.2\bin;C:\Program Files\Git\cmd;C:\Users\rohit\Downloads\kotlin-compiler-2.0.20\kotlinc\bin;C:\Program Files\MySQL\MySQL Shell 8.0\bin\;C:\Users\rohit\AppData\Local\Programs\Python\Python311\Scripts\;C:\Users\rohit\AppData\Local\Programs\Python\Python311\;C:\Users\rohit\AppData\Local\Microsoft\WindowsApps;;C:\Users\rohit\AppData\Local\Programs\Microsoft VS Code\bin;C:\Program Files\JetBrains\IntelliJ IDEA 2024.1.4\bin;;C:\Program Files\JetBrains\IntelliJ IDEA Community Edition 2024.1.4\bin;
USERNAME=rohit
OS=Windows_NT
PROCESSOR_IDENTIFIER=AMD64 Family 21 Model 112 Stepping 0, AuthenticAMD
TMP=C:\Users\rohit\AppData\Local\Temp
TEMP=C:\Users\rohit\AppData\Local\Temp



Periodic native trim disabled

JNI global refs:
JNI global refs: 6, weak refs: 0

JNI global refs memory usage: 843, weak refs: 841

OOME stack traces (most recent first):
Classloader memory used:
Loader jdk.internal.loader.ClassLoaders$AppClassLoader                                 : 1289K
Loader bootstrap                                                                       : 1112K
Loader jdk.internal.reflect.DelegatingClassLoader                                      : 4682B


---------------  S Y S T E M  ---------------

OS:
 Windows 10 , 64 bit Build 19041 (10.0.19041.4842)
OS uptime: 4 days 4:57 hours

CPU: total 2 (initial active 2) (2 cores per cpu, 1 threads per core) family 21 model 112 stepping 0 microcode 0x0, cx8, cmov, fxsr, mmx, 3dnowpref, sse, sse2, sse3, ssse3, sse4a, sse4.1, sse4.2, popcnt, lzcnt, tsc, tscinvbit, avx, avx2, aes, clmul, bmi1, bmi2, fma, vzeroupper, clflush
Processor Information for all 2 processors :
  Max Mhz: 2600, Current Mhz: 2400, Mhz Limit: 2392

Memory: 4k page, system-wide physical 7647M (262M free)
TotalPageFile size 11743M (AvailPageFile size 5M)
current process WorkingSet (physical memory assigned to process): 89M, peak: 89M
current process commit charge ("private bytes"): 208M, peak: 209M

vm_info: OpenJDK 64-Bit Server VM (17.0.10+0--11609105) for windows-amd64 JRE (17.0.10+0--11609105), built on Mar 21 2024 19:10:56 by "androidbuild" with MS VC++ 16.10 / 16.11 (VS2019)

END.
